<?xml version="1.0" encoding="UTF-8"?>
<testng-results skipped="0" failed="0" ignored="0" total="2" passed="2">
  <reporter-output>
  </reporter-output>
  <suite name="Suite" duration-ms="34144" started-at="2021-08-02T10:57:19 IST" finished-at="2021-08-02T10:57:53 IST">
    <groups>
      <group name="cucumber">
        <method signature="AbstractTestNGCucumberTests.runScenario(io.cucumber.testng.PickleWrapper, io.cucumber.testng.FeatureWrapper)[pri:0, instance:testRunner.TestRunner@78e67e0a]" name="runScenario" class="io.cucumber.testng.AbstractTestNGCucumberTests"/>
      </group> <!-- cucumber -->
    </groups>
    <test name="Test" duration-ms="34144" started-at="2021-08-02T10:57:19 IST" finished-at="2021-08-02T10:57:53 IST">
      <class name="testRunner.TestRunner">
        <test-method status="PASS" signature="setUpClass()[pri:0, instance:testRunner.TestRunner@78e67e0a]" name="setUpClass" is-config="true" duration-ms="320" started-at="2021-08-02T10:57:19 IST" finished-at="2021-08-02T10:57:20 IST">
          <reporter-output>
          </reporter-output>
        </test-method> <!-- setUpClass -->
        <test-method status="PASS" signature="runScenario(io.cucumber.testng.PickleWrapper, io.cucumber.testng.FeatureWrapper)[pri:0, instance:testRunner.TestRunner@78e67e0a]" name="runScenario" duration-ms="18233" started-at="2021-08-02T10:57:20 IST" description="Runs Cucumber Scenarios" data-provider="scenarios" finished-at="2021-08-02T10:57:38 IST">
          <params>
            <param index="0">
              <value>
                <![CDATA[": Application Login"]]>
              </value>
            </param>
            <param index="1">
              <value>
                <![CDATA["Optional[Applicaation login]"]]>
              </value>
            </param>
          </params>
          <reporter-output>
          </reporter-output>
        </test-method> <!-- runScenario -->
        <test-method status="PASS" signature="runScenario(io.cucumber.testng.PickleWrapper, io.cucumber.testng.FeatureWrapper)[pri:0, instance:testRunner.TestRunner@78e67e0a]" name="runScenario" duration-ms="15489" started-at="2021-08-02T10:57:38 IST" description="Runs Cucumber Scenarios" data-provider="scenarios" finished-at="2021-08-02T10:57:53 IST">
          <params>
            <param index="0">
              <value>
                <![CDATA[": Application Login"]]>
              </value>
            </param>
            <param index="1">
              <value>
                <![CDATA["Optional[Applicaation login]"]]>
              </value>
            </param>
          </params>
          <reporter-output>
          </reporter-output>
        </test-method> <!-- runScenario -->
        <test-method status="PASS" signature="tearDownClass()[pri:0, instance:testRunner.TestRunner@78e67e0a]" name="tearDownClass" is-config="true" duration-ms="19" started-at="2021-08-02T10:57:53 IST" finished-at="2021-08-02T10:57:53 IST">
          <reporter-output>
          </reporter-output>
        </test-method> <!-- tearDownClass -->
      </class> <!-- testRunner.TestRunner -->
    </test> <!-- Test -->
  </suite> <!-- Suite -->
</testng-results>
